114674928842997
66782829058817
8310939905128
18880547090098
42733240651119
139133682005326
106280710649486
104618566666461
108975342881112
19756324635440
31418666785263
114267031000722
145761948801002
129447316881828
53986466556381
24275108632379
142791096785550
119592286874609
45559054480328
25958546143810
141953471583277
1485380848446
35768917136579
45965467998867
63481928571074
21102924653346
113562158337037
110334116137151
1753106883470
15970616773113
48872490861097
90610118053926
61115024455433
14897460825605
6942320070239
86706283880720
69338054074655
15448448868330
20441774795132
54267296272286
27117875381172
133151716602232
68598740391437
94211436105728
87608530039274
76943949044248
3338324055704
147651366762311
70960290399373
52659377734460
28598702845720
2811296116891
118573864522778
131308094725258
106570144749226
77118608064607
42671285566319
60238113469938
143136324249829
20553718902199
31426325614735
128605368218233
13068682131005
41265798131256
128833495257406
83243381586392
24649343937464
60580736621600
83182947754940
8393928573239
54558801486761
30056827649790
127609550764351
52810148527966
46969763059130
43924358023443
114214759864548
28458216282265
24692164209274
128512512580932
96820861314433
10167850979171
51043304646819
123703356175549
455464717040
126177919785024
141025439954200
118396870439395
85134483101260
91857454046411
147941610938764
95325601183859
34772927182561
19138761419475
153170883452213
51687672663936
112702457878495
43628580278471
99016225607356
79652648086012
101375232332843
103762348858261
133036425698879
10743794954047
73127850248214
49132801938936
42488340625748
133536656154476
52311479751678
21327006020653
5046397491775
19804202013999
117529157184426
19900999230163
75402368284218
64045271594537
54943117134343
68503943611409
7980333111965
96952160338255
25992745011639
22120983313116
86199501035089
37267882243102
18447329176893
108986211173123
49508081581245
125303180434777
16326308731057
24564894908487
59584068869135
52340759147130
19315750056604
14848671836086
36648693412477
21951885108901
110947435202786
49017719575718
47899068994170
64438453184102
35092182881493
54552548138555
155957796237480
21068922488282
41660295420453
79297826327536
150036254100451
7407005135050
22203760690234
54333601602495
50955908112274
14665981115985
46102309784890
90253342438626
74304973555837
34822444012152
54977250051728
6913047551037
118130227266088
5052907067765
120409657802451
31064066376592
59779934169029
72769283584268
10223603641918
142840009855044
757496110637
51758214690806
84426529327771
40013119937639
46272166594639
66538462741786
30382761621102
56803952311499
60700202082230
22958207855381
12832854238237
32656405793340
18690360496302
13696873028341
2155945718640
48276661379137
48943196797166
113585721396983
44889775664719
90495188025376
19444915242418
98763724378260
71427081517200
104183125826079
17275049136921
15895695336669
24152239861447
19429125546070
12356678175751
5707711517743
120711206146593
60082009994063
127886807806122
76194804217413
24087041756033
110521032798477
58027275322208
36170711037002
2228861662526
7082081327573
95168896478595
53558709604135
54720218296773
23287485947706
39089056740547
20721191108662
3752794544645
57245322195446
66364790423369
119474575341493
35886072495121
39225426070786
64099777636899
5143882832111
23184677034571
31097548225531
12258078149986
11586727433801
59317713735398
23161150983551
8833288545947
55092122534703
31275213893351
26638430067914
95470502264900
125966465400793
28697722913447
77392015744840
49387361848241
113490941664859
30701170258255
9786147072194
9645477695659
35825085626656
82263599471602
124362249241941
88792237502792
119472687780675
25507198172927
21253199571504
44102851866437
76069277042433
4570905219654
22085142113910
64268837212271
115497607581783
52761980951426
31778211280967
22588185543117
41306083333670
49817826947201
84244802112801
105290213310768
41535151686682
80275381128280
14724780780319
71352336699282
142610643525207
8368460707359
8209637755190
6233644406356
37226291240855
42241701336748
77830821275454
50566684960015
27942235759368
104479541396008
105541243113134
26239760244469
43033564279530
6785840149112
16736714236742
57440649967949
88918547403128
7283107209856
43335590563798
22956999497079
44323597811177
78499783119315
86177712031678
60116244632281
72511596866273
771490118047
36768364477836
15218230916097
75708243940399
45095871542503
37533139771507
77282656633702
66922119252460
46982196301726
103829938608678
36599906292850
18209128725709
20717660291175
35764954282593
53633466252723
90092143124696
64700350962245
100072189286998
25367257875652
18752696614832
49699821148347
121199617477668
87016375179033
126747713247250
12706953704795
50052367858846
22948023563464
122534630794025
33227516484389
973095561184
44279383741413
63528445728070
39348744959292
21804720215942
38735969276441
60514725322484
48907792048715
148756566669014
45039813840904
