58358399796742
25019823409347
136416753812594
105632910137715
78762101933565
48072236293688
77429946821405
2678359834206
86424003004848
73690724104278
43690203406332
48500206412445
34529883269271
16479254645391
54397408387213
25132225313042
44943127712663
58034337678083
84335929504522
109949114055218
109120981781734
111162217722600
16746813127119
57984033502392
73302975122772
2576417474147
20887151542221
88603329656919
109835851228640
53010950187287
41993251840628
96384045534428
534795749389
4846603400750
50730641126978
117950504774943
35472037238385
56268958859475
49049655133880
4626042128246
23033457650618
53243248893125
36906331866028
62932251168371
69880418042950
58642216415621
102722306028030
18898619202225
34284520086302
5309773083637
3701404062809
55841978946826
67051689956774
18821153094455
31414705684141
28546536204238
16473862389577
22184536405232
47120301942947
43530379299894
87635079341796
79957578644458
87989711654153
31892228925313
38664217770342
74253694657968
103482988065751
15634233748156
35413115499534
41469822538969
2756551363581
37524090145319
23038414937331
80854407242806
37947308263653
68046685573042
64783011158142
108634977679177
80688883384797
87504140263922
48761573559805
146064899200554
918042552424
28209566531417
50076093172779
2070536467693
83890775396552
33545218311193
33291810635264
77707276389988
14462853270303
36840207066521
14557595722387
91270640213903
11397810437210
18145156358044
46339092577779
151302578099998
64151270429633
31315373549180
98663470380681
71345123757448
63525688159767
1733656253763
34676998232301
8669357726824
50397426455116
21390535093305
92414464420579
13198579889293
679747837958
43747041946927
55845326612629
109600688609520
8027597788902
15984759704574
72674345942911
27592489914457
16063082546878
9222064596939
44074874539361
89152272873872
89105049069543
82435576189154
17446588715853
18298328565773
69916208286012
50182346428135
74360377575510
43948163412690
64872081509561
75349214323039
56316792472069
15251599583989
103277989666748
89068680638890
2696405747808
29166426843373
72868009509864
17069729048971
21400941031029
23674451029659
35039356070878
66740654122459
99381172574089
56004072038336
51291447098899
5615970453786
69136585135240
83565648116169
81940387900574
1482100230362
28480083048970
6261213282749
27013150849323
85312390892330
76247577798860
108977651360140
91422685972446
95114769306473
46956076322105
16393702790632
120517073075860
60580360589692
57897666042237
45605117564757
50536494217820
63561753990268
5923882934743
22873803708786
122578656780321
53546602211127
116676911332854
34574525918471
67903562177188
85886020175222
25737250720282
70576940842231
97545452635864
13743121778791
30536754343239
6913139388335
15432499027402
52693986799126
39280562226843
103854477889899
100584507781745
57199885655326
17177374888330
128205097376060
16724745466669
2413092047347
48647574670546
29434355033442
66988467428328
45653223421196
13166915218294
75072870020341
34340669500689
62472887127881
29977451466821
14447188859427
84674261417664
1142025144219
69530808405843
105618879566635
48327782610548
81635296131928
27746935103962
66953394533790
94894566575229
113353250125753
13405506246003
33690115711325
2187637417210
13498434679066
9803205939578
138777844560271
42689822312432
65400447753599
19281610918418
137868812950305
39213577517886
141152955008587
35588203556996
16074398184026
33128248684621
98399320205806
93581003979962
17931422360861
15742931753233
48847738093127
65622679112387
68383891610380
32274049554103
5665203288758
43958211464138
7751738898925
47699805467200
61740372669918
47265378028973
53614775184739
14137418227157
5431152680667
134758196196060
90145466263065
27075334110750
2606197754882
26391225155268
22678086015623
70076925610029
11437466045564
72864134326441
20991866025091
19435878783967
109003577717058
111028576540022
31803957790648
92492828593370
10492434491826
94640395593687
37684517828150
633657197443
11624064984363
5695292474731
44009304343775
33631667834903
7344218482797
81201801346678
6746983380169
11091084392365
16372779693167
27138701184112
78888870081320
56896041473952
69542371569558
80325212397768
47842245024042
33230077217399
117982685756638
89727473525363
21814714723403
44448377284005
38032584087189
66316412898606
39776049083397
95998920291307
68783663678365
10218828627969
16082995271990
69371505144731
7365271672308
31697340489741
90904779436991
11158213691172
21524205290283
60505507340680
70168973247430
4671325107580
35152341651675
103423369620670
6374479559946
13795567723424
44149044445494
102104999374152
60801538604696
26245241122671
121456170432150
24751165979685
32569831557917
4946726610447
15632006938561
8222186452938
69716543400936
32165694174126
35426223235225
98546868829024
66570127394161
60031835653516
