54912603920922
88814691176625
37765925168641
48232236452675
21583404599298
48190238611796
7867710015504
86861969788801
16410756844886
5559249211008
80448942883486
97254466722570
4097685350324
92939949180768
104635798638808
50475101032718
8354447514933
93274298566283
9193666282729
24307414521556
13596693338977
98685864587233
117794399042598
5779360844179
77115806558619
3425172422860
35061140817332
97047405828991
3896313097585
35613684711127
85085429577340
2702226320407
30975349259405
79533784561501
89041059512731
90179096592896
33904974332531
42589152228863
46322198096717
31358062081239
18770908295964
127832751793396
117077759900132
4928981988575
28242636949711
56770211440935
115975090239762
89671454576186
9683412960345
20743529977816
21484020291906
48295373717640
21226119994150
56418695614688
133636471641746
31067870432552
19833698070094
63913666912639
80764155002235
92619489023255
37526028542710
35265579817771
23173508135749
12389596763987
74560999740922
62594362955246
55282430948057
12492709680139
141981662819368
68019060129284
78585729962757
30991702556999
34920704793899
15724446153839
5017896896082
44926727322281
42767852498620
5362394410899
41208076657790
47450309117236
928291302499
94990923414880
52347684115387
24665909335527
2022706284171
14634435655394
95007705144333
7080362580370
39120667897189
97939361696742
56167348174714
7629857909164
17029679079048
37738635142788
39957244581798
21247684195056
10767236781373
18266349175032
133107708943634
13450272548006
75430965912761
26781586793899
46647018066423
11251116526574
43434656125438
88634668148577
100841522251863
596376623855
35802072887255
14057789668956
37846544808706
51470208563400
47073476076151
7429240948781
104003263824618
81451542182374
4480059636243
38828493463060
36765415522120
4157106197901
59937758714294
11284123274386
72259146803252
31795049393465
7870524702442
16014017436347
94624348991375
63143701778560
89904725540498
78540868055599
73545714515473
104355728702896
66160388090351
74469434717882
116247881176820
34942616862746
73210845818853
12178208934461
20172921962867
36462192219672
5154117493555
7276984045374
11888709645265
17982100628017
141156686472382
44439105648962
3094278443500
50610320074165
23359601441471
96556506589551
35582397022587
26217474237777
134783208366584
119055769807918
20902367030822
71123994375153
37545839616762
77649979920501
70111232358885
99138240937504
21366286041111
134052356115276
59874345584032
13713991547376
1852773664427
67102205450964
55555537143357
123062179540798
105835264936804
71400016477381
84967643789826
133690259107552
17490491639911
9155087237752
60920018103537
77278036406010
39200617699044
6069788886460
117524574094815
34090220686824
19685455181133
16428359097928
46903450064737
9038492265053
81015254917670
105434501025517
84924676829435
13819015040922
32697604336603
16946108568910
32834430848666
34393915235694
124226682526825
107236292737355
119530244663273
77938807872407
37152947049358
6694129035510
527767011327
29689920050891
59796010508009
13401847893645
82574365357628
17033987627958
41783612220249
50413981832842
5535336089645
27702799826079
47300484131324
10769294246540
33561059475217
21162835830539
19902512545647
28784672108775
45955915770766
14785698822892
36315874268925
19370368108451
52661988275359
67368059172656
21836424507838
87953097780887
31420152848132
56844700394707
57518734819856
14400994431715
71065765059544
42583408928128
71053734927494
41447452002831
21302793722625
99524317696840
47913038588981
2287928333935
61818457357384
50853820245108
77031216850115
94534007253847
16810321879920
62309592855771
4289915039241
8149813667711
26744091273656
31323012183063
55372739582137
43795289650972
22095604344880
34767679844083
48435047673090
18617474169418
73518530286617
7855135118909
134309030902767
94512246004157
88125294054409
23321910936122
19755004183478
17961789072541
72534391398534
49826798101187
15548862809603
38409030013371
43707813073381
28750124322248
72060932974806
105029163317687
41408490701489
15273143669046
20145899071715
114662494776099
20059147848092
14088161709112
20767465245261
109966422991153
53130112843842
12281148993737
58894988650122
5350571383595
43905776275874
28114764399794
1853594162806
96198460184009
117734577620981
27920460864194
22012304513805
21193676142500
71397749763556
56810699986398
1974742116269
47348994995536
30891220412345
24113893040346
38087701091565
56532064060060
50719448557217
87771650035297
48088202048394
60146691229478
71969377146055
82266494762000
15411888869072
3185267951290
72981000357578
74084955851367
101759983248654
34604650132440
97175061341021
41053879630835
18681732857220
24686912019157
1520019657227
17379068920855
23341625661748
99368788149237
106890166847296
113955479026322
34740774294322
78993116112297
9053255591973
9409564088092
74730601823198
16589244253795
49742645031582
35924302194116
72760881066164
64408207223039
31569013345939
30176734705098
93895119311244
59913240397097
103318648660302
47004956145520
34004756370312
17365925328942
64843185646451
87199292989916
129121153907380
9431723299136
17872264506546
87659066390091
