1105475070296
467839294962
168815849025
1218520874368
225020198860
289671014631
333295822988
395032411080
325859889296
1363513023901
1624082958235
1513552183690
984055062289
777956075151
910629468547
82981151157
291933914696
515459857183
675425324006
651697731438
1419796170367
270084691146
1089190993394
90934564730
839583475798
643617618789
164510023330
103873982093
133149032660
473878615629
1242407677007
67439109268
211081567437
1064749376045
554899368792
700358772863
662519279177
474389867088
765230720362
355335148039
929434178185
1265594265906
782228622155
692979468005
