117641134858802
77406309305272
26899250308915
84670400774173
14805232849273
67417770951112
11063117909197
44806258617847
69003315378878
45787508929131
11309457854867
140152757809095
1459180241927
49740776695556
60670350117210
107856810923446
88838794830879
37868897138985
138085111701663
92807979557834
32607824412260
121701915993912
7113347353245
13239203206610
2065720615601
67062092329235
26935023333450
43322082467228
96242741140484
33727785777514
45581762259139
23383904817641
13866394937568
31652511669170
13969244719781
85171172636048
83112315118572
9842255299238
34231923200864
13464391634400
47228660219621
40751922597929
89557949833105
37267010508510
63098651688102
9432164826910
44384240704463
58915435968674
109574706496684
30554801698091
75883607912951
39156177090158
106913688930377
36499622114989
2436169054381
2629348222165
38646507134653
33104618936590
35617672059634
17785329002810
79450728602269
5870085079873
391348402594
59613674091596
30089451069576
131151035433912
41319110005995
73376496719336
10763512335335
89676738778882
12066324790131
5182550836786
120423128686439
17136070668681
46224628517662
563304729737
10389464324153
46514177105550
72856987358991
28725473848855
52083805350897
20713654471230
73475641078505
34424767602465
122259925840596
1084214549051
15299871223986
56622225216637
1526248032284
25599759601904
7283881948834
2127948524546
34930422845643
28906600826355
14429987988966
63105088499116
3296131773157
45219391431595
69046418420602
69176030473674
18357995417838
41674188697309
61328354242106
6766495671533
52142895087841
98327060968497
21873646554932
62369407790667
55781727133590
15002252942480
8283550540177
118210923520123
47742107557810
40338695054748
27543826040986
93569095878984
68506664651771
111998450466401
67136271258719
66213286180252
125148452691080
4943026328826
19971317042914
76768484930105
77773819872519
37939991774067
40532314533260
20502483737854
84618091665921
120536654841251
61396998383146
70798832930814
49295496372307
66677840008504
3591540103486
39484829823696
96429422907984
83907478621517
57229816746582
66822568954491
6934109153109
48833726812738
4498159419601
88158686281413
20113051516796
82607209794007
30618195717089
47694455722872
99237305048546
44405352655203
42691493323779
51460470719723
15193171043246
30470986451923
36911363593357
13167428636766
53709123260213
72004396717882
19836482367287
19208889998442
26567574302552
26271590975586
17575903490419
139831854560957
24777504140400
90795085223611
71230945334644
13973679192476
33699427767887
5521455137674
118593205827572
6839837513862
89332665004119
117070311982184
35201799042213
24220654156748
38212311311319
58509515055180
12559329254772
10228612120284
81991010621949
55695907541754
13862935830321
137494729951415
49796907743653
43117670388129
35587717561811
20040020704284
29283687616894
85272341396559
71946752792801
106613035699508
4993330202696
27154901354413
43247851032415
73459437064990
31070519747216
25705872095261
74797530727789
45702763094611
40593709335916
3838015551833
119629148757588
1264457929473
99074465846619
30990613690130
44975485119270
59469413466158
33971213051481
46313408062399
75095210083983
110519399357726
73320410900361
30460089538312
115425981155960
34388344286486
31032490583775
62512168163491
43138229785584
79365635837930
100243115397227
90083029327349
91655190532828
21961088548013
39507013832962
52275414656562
65955777010638
46497210556292
18709471092194
9249809992383
84945163499023
3648729198668
61855620409891
49838574969544
40807785798478
96961422450256
124631994177581
25998775341083
23053071329016
89579248892628
100205999921996
29659234913594
75980356144602
43286717105060
20062845278518
38998167694536
87472603947241
31320109058175
28528690708391
122939586389099
14078404615927
71163347553598
104556533087031
26895126353133
6654482386229
13324741298203
51672788486366
92433419151342
16053846691010
12366920414581
135932781040022
118764260029132
116179296129744
90409889961180
11273636061716
24274102426712
16231615846340
120654711415923
19381455160883
21040569183121
35310266334069
2904240700984
2944512781103
6862363629453
625387810692
127614923321001
58403270204291
80593831772283
42157666272914
86520882351918
97254973543152
79481895998631
99330930213181
2119147934941
19075125579902
24395192756271
31856951664757
37480771656773
77640737554248
88459572910287
1625064208077
56780509826003
14228434212416
68194875862581
37343101657030
115402445568538
16802054489451
7284343380347
66195568067078
2275057896666
26890120431808
15847459815616
14362572403648
97384535867702
18722801676268
10837703863095
4254302984099
98620261121124
147181836171588
96742171995963
81390790694803
46841485110920
124882768561927
104370373954015
4135976632592
27704290632920
95138495494470
74454082847532
34969828520647
77303231049667
33097956481605
6451770916082
29137618234776
81071312938539
90757462922896
47401834520935
66461672124417
137565669988402
38506568420554
25348569463914
64267200304798
30823300516928
6560178587101
12082963049584
26771047994018
121678997783916
75739304223963
3201021363388
74016935523331
28701122449966
13798935307517
58825900253647
17158668079974
29839228325567
70238479040563
44387487253232
28404956533461
24145813218211
63700429981439
29789237609187
61223893098022
25344719582214
28762650782569
104168685633826
45408483529700
65562707881334
28296695404515
11456092328650
119228169860587
65227209408275
5464954593629
11719775221654
16523345866254
68683810756874
53064067870701
38897084120301
24046277765939
55078239603938
5150923712872
15861521573147
33709933557747
56831210286745
63080193002002
21370354899143
85598418571700
39003256616982
36864138592758
93435899768370
5269312020267
37749610874341
14578845427323
79113724455761
32626730528868
74355743641919
4787383502694
71161739401009
17064820265671
44430663434390
121879402106651
40830098906882
42538494489039
64821377661635
20359193678459
29989797732894
33362666653227
44142487904458
3325532437382
28342278986378
95654100531580
95778476340468
54241930749147
74355593071165
32920387475374
76135895304716
19815171292897
18457429117410
92774472092127
128764102117889
16794105303151
88314585776311
45320343375933
101227886694344
98104777744302
31366799189373
40646688060945
38890991468166
59267009581563
65223552749307
39318110304865
64889222602560
46635322583565
38510764285258
86793789439874
46005086866790
7347165106173
5878159316714
60515591808028
4547246278949
19933033988213
77922978591217
3509884629440
72685996416539
27152777004325
64224842939776
71477582848368
73224139815250
8829084935203
41964606765813
16274377974473
54078323610190
80038536932779
9280022880737
16600494937224
44339151936113
63129367131438
50476498359948
4544190841213
15255744953362
93086414031600
46606965774568
47413251683978
90979357434180
88442423605091
3600690928215
20250836225384
60501306576361
80310762459031
97218102090256
50022614845561
33131270161811
99994062664120
19992103269226
88157237361572
11954842564583
59112410143711
85120678617605
107544852205648
142412335829900
34394487340594
48145405858598
8261014829805
71749340400928
48961627044122
25983150764693
4825673573263
14696426753708
14927113542394
54193428127163
31060154812042
101357100463452
6411182643615
34906547037826
19364611376250
39394210435249
1714063358015
22983097490067
124167811644470
97877217524152
69761897928786
128712688739433
44086532773222
568989074433
71352373750628
23517472613845
9243894710998
23526385266966
27034030447461
27234246293637
58108851386757
7177175125117
60408380730075
753664477829
14526852308762
12512676546692
28114396715013
47937241041967
3149271223363
83301531047811
15440962182960
14913956361470
35230368344570
63171806313540
