42581843740493
66830552374889
10634173482099
42081086185306
6809710556650
67530509888036
23138502645444
18694377355462
8024184331357
36509179159120
3875414484439
16877858370031
83450615911079
96848548179137
56160582165122
11373912189323
117618527477128
46787811674514
14305291256243
70360013092582
96716757920314
1995763913210
91612824026002
64541545922946
96445811660040
4819334652171
66985234827790
56375695830340
38729833387570
40289727103367
56619925778772
12799623767535
78884815785344
72092516554960
87511442086011
97199704389880
10530176755292
7147097629109
48348945231017
69157854917067
41808576771329
2190319941388
77195235298805
33825650913989
6220046762753
70466782400745
104389691225378
67780342222220
37858676302640
49312063373861
70105643772976
8567729845987
43128603955436
14858505750579
97434870093772
53714195522410
49974171994631
30228566531550
36640485648593
104246691736599
13718426059700
86474381814180
102370534446358
125166211250508
19164677870813
120845322309261
50298628161093
41063569104116
31872718524266
21685931232526
81219501916257
105308651143126
44703082586082
79896051167566
25941655430132
10706921158165
96785706445745
23835933205532
34991930649629
31373784911100
94456828035908
6104859189107
98735977012197
44124137951475
77569428247384
80738048613242
79550089931893
136884732328442
44231807458150
26605964755228
14299930258881
61463399082211
40191678380489
56465818003941
50353069789827
25320148340997
11548183608057
120385527780697
21727430079347
8084781420142
32032134213758
94446998750432
30633693392361
8639834347574
12751271660156
73347392256433
52662180799934
6017983080957
74872111486166
103326303909326
42171578542383
8731215428329
76912202163460
22544284985533
17743504182565
56184747679222
4566731978187
14016690866076
15502914906888
84952269133600
62738259401413
124841108461835
105860375035138
37792385954583
101817122181332
61382177274454
72903247906318
64959784436163
49719724468778
130333693110438
1088974267015
4703238030481
46521350007157
48762217299345
19475293991236
102239672371220
15826141120816
15226739948418
934862714727
44860470273156
78105850578023
35488176098728
13728821674773
50774608858838
55551522888008
98200208150172
27743727601028
54774531695858
14976878872636
67013910124958
38676291538623
35542907059003
23889719939066
26200486030476
4503171841801
27085394299815
137495579435834
40994428107810
27179660972265
6538356273789
21387444473714
3855280820924
32128205130444
15573290951265
3762407357079
83353571481868
52640308863822
9378273625034
659018930592
1005629011161
55536586878983
109355443025620
8524151779480
21680562983042
106856505479380
87250501736922
18962758966494
197210096673
14471540721764
18909139839368
25554778284977
50185419995010
9812505034372
31140012381847
406398216465
30551821182029
36236366797798
17409666594992
16095136955387
27459476245212
2048259982834
83241948478804
24442664075972
6843565783036
76351250308573
58421216763426
113242311693844
133044168580704
132958647937430
33916475225067
27571598169925
73865721199053
73581372849132
48920008065769
85338855909873
23631991765317
23426157253208
102299861735190
39656555481454
9829331025564
31121365606439
49450428700044
1329053959097
111280985146545
9782067951969
56247165405048
37100852275393
83401909419434
123967024689092
107008768182228
98223631514732
17228462322165
30279511931633
42929322663402
39144657748247
88843612927519
52901786802327
433638077792
68759439471486
92840602773305
94130433828446
18871452009642
14176075112537
77568456244141
107974764353740
32702170940534
88519547857075
61770455046175
107285410181548
40023784739218
26769628567202
28821989977532
51533341322491
13069503971788
23061999846473
1222550336635
23123037726479
56298109186929
37273937421293
30947381179068
112049095828259
38318149024309
69976739137718
47534255136239
134308754247627
32364056224719
66360873388356
15893235014032
25510074312297
70037627731218
62486447590626
24344050528752
53684685410859
14071604158766
93398789416932
28434583079342
8249574844307
60926536788020
36172672318907
34025545108386
27564629779644
33275575673105
79913585209377
107298164482463
147082247216091
37146036007342
17797955392658
94457513588810
144107806548752
34691084532282
4015323341578
14398150083639
109376814161544
116657226156844
102017407753986
5727328714272
7018479176644
90130793186587
26322776512163
36551780384603
8188917086083
9108870200515
74353674297598
94595144618718
47941987339628
71809772223702
76893276604811
10870147803183
28772817636799
7933970708797
21452913013221
29417396863457
45255187386010
15075273390323
112784683154214
26178226641098
79561026457084
59254968385889
15265310905827
19731951352542
70410409822445
43023499452566
47117707655667
48326989583012
64195058123813
69272487191685
114074733597134
57821495454664
99478598403350
73132846224374
31591948742156
65649258378458
43450929753278
103798589992316
103808816350982
127317325010522
126201847726880
68302752994630
87149057791839
31739578514714
66711892792138
30922306735282
52268946512213
114626408868540
30451368895174
115846937178642
76299727960905
36651175295478
136618081366
43759403666022
37198610479738
24820451142427
54454893105093
94896728894958
33869776338187
65632639188154
7010590367849
81566501973038
34859195059126
17532075885732
29690268452499
4289766448076
53180228529548
117847834525151
7770134405626
16329851862390
90426824225083
71754933357206
15119029216462
71500894443975
24463885171686
41666184683278
15293437519452
66017140777213
39244717079676
18263263644286
42085119204021
4553127573783
124253927704333
66598533206089
104208388953149
66878065815048
53498659940338
18858599032895
60415639373819
73435653582343
121648742447366
20272698799235
108112815208854
88810436798679
104507228850777
20954471404268
9591406389010
22311376501221
27428829134493
8751568960820
69824608936851
21758517503119
101762613196341
55178648860002
116541074694930
70878459690725
68202294934895
2691504056401
5093257420852
69404950542909
88932309626176
50756341485896
1791791734378
38538516397329
120464358380414
62771057773097
4044629686759
48182603992519
2832197336625
60551522306273
11135013208834
5653821601939
29347268341277
21911722809311
674935523731
121369109112036
41282871529153
79356633501370
94255910694490
28229213324599
18612613886145
21308502384601
1407495623616
12468653876815
56965726514750
15969451710804
19924953401251
9061155613589
32293299840858
50305609477363
5240619630840
62901643544750
8903708430578
126415111379578
34061961887710
24315534318353
72983450694056
898836362452
90664356738197
106414576781449
94059667797
14381392164648
3397548995929
9619341709877
57880292862780
25366010535886
97070957938550
20000064937726
17860073767752
50350087381120
35344895846683
88354881792081
17224186762179
63938841810806
22658015084681
51188972158332
108094038387516
10340226697148
55539372862113
116615308700103
134467759671009
69491394471154
5891634142086
45583200923198
961342972958
63980218805300
12240659080138
65732887942759
32395084178004
85643386543638
39783896719936
10566206787539
96974677091341
110276670741293
2154333879037
897406625594
22574203680969
130709528860648
2330168473863
59228831262396
104338286525039
85242123978317
48995054409952
43775062915683
1562500538036
39417397421014
9418246658599
53494502965809
126254346127003
87147129800589
136300216045277
75040525605935
10192421817756
74955513465076
53728810990380
17464402846754
47536442984045
20211568513798
