98395589675603
37339392943386
52256168459679
65398654886477
71044054880520
119410062482713
42534969398305
8579818772389
53434192496907
70869801918291
62841281385724
14315577578666
136205879399516
56428969481745
55564769729267
8166942006461
9807403576752
34508905799920
37682163495898
39492190154825
62754270734612
36104094167199
39333603724248
67411117756521
134501247517746
115678288667100
81355282250458
37533086750317
8157289034449
8122702804348
3456168322711
67681047492501
11834640333082
33362785847793
77648302232450
51507312177136
57406117633708
35828121693692
72761418847248
83583329052899
14548735076385
13369600175670
2565608713569
32679011976788
19175976000710
32625512148302
76964998948810
20082257371180
41658952657928
73517773055378
96359986186733
60665178129274
4868497792179
1317066017975
33674006243567
62370077928197
63463117292237
72015763883367
54927364324684
41544441152950
27324076865460
43574304863597
67197854379313
3889713128819
91629929290777
62247328543067
9737906005667
81956707536924
35921121803892
26095397935649
72526146333673
630124419500
93886917475840
95104480149705
30545756030787
74039856641025
69468517034790
60280881586954
135402226822198
19691954748359
52957599626864
4586837212420
70481492009247
109958585753496
76488659470110
28412311351481
16608714669577
45116821944600
117853036712013
8793788259313
9879243893602
38609468966794
20457426536701
28260355558997
16992065773664
81890948856827
62147590819538
89888262712034
38226684249878
1053168446755
86042057960293
59099902244396
55035073759600
97783494645932
33348986213701
5460015860031
21119536417803
71005128911882
2880411003889
42807416083283
22401100568209
23882388378017
4014164220771
11027320788894
26012541264229
18606663880729
34219399080340
6341697795368
26022607314612
96883304941553
31700227855238
35364572475365
60746457793728
85433927948095
18649425325340
6943536664135
7345392489034
52095043026578
85177865234362
52297084371838
10556529904427
87123994063465
86223262061251
27830645812754
82800190175034
54359780907528
153231115631
2263059405940
7431820055928
92002623452379
34443117907348
59773434259281
1574489448981
123996691999878
78295800902422
34553796325265
36927773973535
1486510238845
113952684446207
65840212272215
6640909590228
52521914756274
16614955645641
72933068098124
110960962469943
61642973457668
55122560458841
68063796530023
75438589892063
46117035031834
57827638941681
67897996629446
91969171478015
27682135312151
1785087872152
132526807310466
61087841910880
137585805446936
26958386871792
37058113826387
130118285456751
43491958769720
63021169012409
49011686295329
29740190856024
38645925986954
20870874644580
50054767406311
54130062787093
97392360482008
74926470217400
26504642178568
33434324781801
54566482861649
3133327039730
95851565218347
33059855614308
17393482397514
54600585377115
59818422098696
1856979278372
99090339433370
8773273861643
37197763015807
45096890431492
36758950905127
95449816095355
23545167005741
44943683086993
3146126410140
40596713042981
43345516525156
9846821931767
11874779724757
8909751788349
6653850191646
45325140133062
58813947772137
64698034707143
12333657427648
11811636366531
9801213126693
4594649959949
147685695684167
2327479701240
69766784397269
5741818084769
81907255496176
83489713455426
55711448610077
80123247835421
80640851323051
82517860783937
8748335661224
14209761008017
93599095885867
24445949407053
24300509179519
103126598614799
23873024134616
91195293846836
99360619720339
8227954392154
51962080511674
17344350052385
32918799866437
82440153120950
40507697886461
63699924875281
36250556788912
40323375760032
19792825084536
70146547553194
38365808171071
39618251616943
63909631594659
100328624065640
63362608898036
43934201106914
25520272032508
11964646654891
78731155264415
42321598060563
23730341640661
93044875206895
116961197334208
349356152892
45572397761540
73538430408041
57867333953812
9306119588539
108126176458421
61685758926159
144808985881475
105628191457951
111807721142032
5550842960193
24335522735532
49904340126823
44739633530774
95533601851087
34871070033912
130780865424649
118433445431981
26513585582940
8684243733974
58782713234850
128362087986362
51367373104230
142499876723459
22618793492663
1922658885364
12918855465828
127097881003940
13282454344443
11856712074302
1193517257656
54377934291739
64574566255340
10164448098110
80948530320724
17488569146523
38837818439806
4492216887582
48944478670272
4906211990735
48660967752569
36197952296511
89601303649683
54787479264943
63167267315900
5566854378950
45934590921809
2069204428935
44771764837743
64124198701730
15201921189213
3567264112395
77175581054628
83174522893852
83928943137478
8136926446486
57182982526130
134748667193271
67216746333271
12961022793088
100847285908484
4291948153847
17342034608400
123234486860130
27515735155134
46604406320172
82624908807817
100748929790279
27770390650759
70108542912672
24132486720860
52005787177816
86574978374355
77067263813568
102039564497034
10625628155326
66842156858056
96705787384991
55020746132087
50964248109209
63080608240328
42747790692489
35746230640087
46540420821451
84113655811821
5143553542194
16982322652616
52014921704339
45669429892250
1725044359726
93024878229706
12987562935344
3366409623905
19356375059318
118515076489145
59925493718156
3451840703531
28240086409853
123712826356669
151207469938415
25546842553847
23337863525229
19888052653556
7216550931094
111656922252802
28578664575183
5862380875416
101236612967269
45195179006480
10120590960429
26786585223886
4046538733222
8493988849531
33576609335754
18709686118000
21475215538801
43110717950445
115847323069717
65810957402214
124304230178966
75935101427280
32629862939328
42202449141250
21733550829409
2859234089606
37324392777510
101863579656616
9185352176770
18035252661570
37463312220308
98778250090245
48023700227025
48423183404836
1300238102081
80550014465139
31461301302841
75359970684197
96541272814567
26461760713222
56410554991213
21840404197657
90867183409478
112428837849029
74513291840536
18369803687108
52608672214694
35984184322200
87658212845087
66370104620869
27950761685742
64659541871952
42329224201380
60783954323877
14807215578316
55210401666941
17633883701584
141276516979328
34351122456176
20624119159706
15482573186939
9961838082293
12520304705181
92817863810429
4793859342131
12786149600218
82305686383756
89622905836440
105340865927187
106872066723282
32452521907628
77568934525458
4673934625703
46412229026917
28515986080546
139123744108506
128848066832708
132456828450047
53363935538016
46216262910282
66433174934847
70957351475568
26457403422625
40128110865868
44849521280375
67267031139406
11718365183515
8869337074451
56302416831592
54697316632044
9714038498035
35293266389958
9742003754934
91264195553657
610550900266
16337231063392
8880360855112
99050174969039
21362068718930
36348250850852
28628242221001
5301508451731
62396096547554
65323208841297
36643625362343
11066143623641
112078172717935
57470133273697
15498629755123
135775081312009
19578463536855
9084989868042
29543639059477
59168993603986
93004385509699
114730553842110
4647439737100
35856011154375
13096413715316
15857293116841
12665150368708
138653058265009
33137734594993
15585940754905
50333327049024
108877874281987
57337874646147
34917552735361
22774785323070
110260171698369
35754632535791
516642579515
24322696225447
124447765102324
7397690319159
10622544017544
6770288027917
34656344060672
79251805321679
11773255573021
97983333770564
63564371700348
11661720430938
13640323501814
84234210325781
1310056630934
